<?xml version="1.0" encoding="UTF-8"?>
<testng-results ignored="0" total="3" passed="1" failed="2" skipped="0">
  <reporter-output>
  </reporter-output>
  <suite started-at="2025-01-23T16:17:50 ART" name="SuiteAgenda" finished-at="2025-01-23T16:18:39 ART" duration-ms="49299">
    <groups>
    </groups>
    <test started-at="2025-01-23T16:17:50 ART" name="Agendar Visita" finished-at="2025-01-23T16:18:12 ART" duration-ms="21993">
      <class name="tests.Test_AgendarVisita">
        <test-method is-config="true" signature="setUp()[pri:0, instance:tests.Test_AgendarVisita@606e4010]" started-at="2025-01-23T16:17:50 ART" name="setUp" finished-at="2025-01-23T16:17:52 ART" duration-ms="2070" status="PASS">
          <reporter-output>
          </reporter-output>
        </test-method> <!-- setUp -->
        <test-method signature="testAgendarVisita()[pri:0, instance:tests.Test_AgendarVisita@606e4010]" started-at="2025-01-23T16:17:52 ART" name="testAgendarVisita" finished-at="2025-01-23T16:18:11 ART" duration-ms="19266" status="PASS">
          <reporter-output>
          </reporter-output>
        </test-method> <!-- testAgendarVisita -->
        <test-method is-config="true" signature="close()[pri:0, instance:tests.Test_AgendarVisita@606e4010]" started-at="2025-01-23T16:18:11 ART" name="close" finished-at="2025-01-23T16:18:12 ART" duration-ms="622" status="PASS">
          <reporter-output>
          </reporter-output>
        </test-method> <!-- close -->
      </class> <!-- tests.Test_AgendarVisita -->
    </test> <!-- Agendar Visita -->
    <test started-at="2025-01-23T16:18:12 ART" name="Reagendar Visita" finished-at="2025-01-23T16:18:26 ART" duration-ms="13773">
      <class name="tests.Test_ReagendarVisita">
        <test-method is-config="true" signature="setUp()[pri:0, instance:tests.Test_ReagendarVisita@61c4eee0]" started-at="2025-01-23T16:18:12 ART" name="setUp" finished-at="2025-01-23T16:18:13 ART" duration-ms="1663" status="PASS">
          <reporter-output>
          </reporter-output>
        </test-method> <!-- setUp -->
        <test-method signature="testReagendarVisita()[pri:0, instance:tests.Test_ReagendarVisita@61c4eee0]" started-at="2025-01-23T16:18:13 ART" name="testReagendarVisita" finished-at="2025-01-23T16:18:24 ART" duration-ms="10039" status="FAIL">
          <exception class="java.lang.AssertionError">
            <message>
              <![CDATA[null]]>
            </message>
            <full-stacktrace>
              <![CDATA[java.lang.AssertionError: null
at org.testng.Assert.fail(Assert.java:99)
at org.testng.Assert.fail(Assert.java:106)
at tests.Test_ReagendarVisita.testReagendarVisita(Test_ReagendarVisita.java:99)
at java.base/jdk.internal.reflect.DirectMethodHandleAccessor.invoke(DirectMethodHandleAccessor.java:103)
at java.base/java.lang.reflect.Method.invoke(Method.java:580)
at org.testng.internal.MethodInvocationHelper.invokeMethod(MethodInvocationHelper.java:133)
at org.testng.internal.TestInvoker.invokeMethod(TestInvoker.java:598)
at org.testng.internal.TestInvoker.invokeTestMethod(TestInvoker.java:173)
at org.testng.internal.MethodRunner.runInSequence(MethodRunner.java:46)
at org.testng.internal.TestInvoker$MethodInvocationAgent.invoke(TestInvoker.java:824)
at org.testng.internal.TestInvoker.invokeTestMethods(TestInvoker.java:146)
at org.testng.internal.TestMethodWorker.invokeTestMethods(TestMethodWorker.java:146)
at org.testng.internal.TestMethodWorker.run(TestMethodWorker.java:128)
at java.base/java.util.ArrayList.forEach(ArrayList.java:1597)
at org.testng.TestRunner.privateRun(TestRunner.java:794)
at org.testng.TestRunner.run(TestRunner.java:596)
at org.testng.SuiteRunner.runTest(SuiteRunner.java:377)
at org.testng.SuiteRunner.runSequentially(SuiteRunner.java:371)
at org.testng.SuiteRunner.privateRun(SuiteRunner.java:332)
at org.testng.SuiteRunner.run(SuiteRunner.java:276)
at org.testng.SuiteRunnerWorker.runSuite(SuiteRunnerWorker.java:53)
at org.testng.SuiteRunnerWorker.run(SuiteRunnerWorker.java:96)
at org.testng.TestNG.runSuitesSequentially(TestNG.java:1212)
at org.testng.TestNG.runSuitesLocally(TestNG.java:1134)
at org.testng.TestNG.runSuites(TestNG.java:1063)
at org.testng.TestNG.run(TestNG.java:1031)
at org.testng.remote.AbstractRemoteTestNG.run(AbstractRemoteTestNG.java:115)
at org.testng.remote.RemoteTestNG.initAndRun(RemoteTestNG.java:293)
at org.testng.remote.RemoteTestNG.main(RemoteTestNG.java:91)
]]>
            </full-stacktrace>
          </exception> <!-- java.lang.AssertionError -->
          <reporter-output>
          </reporter-output>
        </test-method> <!-- testReagendarVisita -->
        <test-method is-config="true" signature="close()[pri:0, instance:tests.Test_ReagendarVisita@61c4eee0]" started-at="2025-01-23T16:18:24 ART" name="close" finished-at="2025-01-23T16:18:26 ART" duration-ms="2068" status="PASS">
          <reporter-output>
          </reporter-output>
        </test-method> <!-- close -->
      </class> <!-- tests.Test_ReagendarVisita -->
    </test> <!-- Reagendar Visita -->
    <test started-at="2025-01-23T16:18:26 ART" name="Desagendar Visita" finished-at="2025-01-23T16:18:39 ART" duration-ms="13488">
      <class name="tests.Test_DesagendarVisita">
        <test-method is-config="true" signature="setUp()[pri:0, instance:tests.Test_DesagendarVisita@533bda92]" started-at="2025-01-23T16:18:26 ART" name="setUp" finished-at="2025-01-23T16:18:27 ART" duration-ms="1522" status="PASS">
          <reporter-output>
          </reporter-output>
        </test-method> <!-- setUp -->
        <test-method signature="testDesagendarVisita()[pri:0, instance:tests.Test_DesagendarVisita@533bda92]" started-at="2025-01-23T16:18:27 ART" name="testDesagendarVisita" finished-at="2025-01-23T16:18:37 ART" duration-ms="9728" status="FAIL">
          <exception class="java.lang.AssertionError">
            <message>
              <![CDATA[null]]>
            </message>
            <full-stacktrace>
              <![CDATA[java.lang.AssertionError: null
at org.testng.Assert.fail(Assert.java:99)
at org.testng.Assert.fail(Assert.java:106)
at tests.Test_DesagendarVisita.testDesagendarVisita(Test_DesagendarVisita.java:96)
at java.base/jdk.internal.reflect.DirectMethodHandleAccessor.invoke(DirectMethodHandleAccessor.java:103)
at java.base/java.lang.reflect.Method.invoke(Method.java:580)
at org.testng.internal.MethodInvocationHelper.invokeMethod(MethodInvocationHelper.java:133)
at org.testng.internal.TestInvoker.invokeMethod(TestInvoker.java:598)
at org.testng.internal.TestInvoker.invokeTestMethod(TestInvoker.java:173)
at org.testng.internal.MethodRunner.runInSequence(MethodRunner.java:46)
at org.testng.internal.TestInvoker$MethodInvocationAgent.invoke(TestInvoker.java:824)
at org.testng.internal.TestInvoker.invokeTestMethods(TestInvoker.java:146)
at org.testng.internal.TestMethodWorker.invokeTestMethods(TestMethodWorker.java:146)
at org.testng.internal.TestMethodWorker.run(TestMethodWorker.java:128)
at java.base/java.util.ArrayList.forEach(ArrayList.java:1597)
at org.testng.TestRunner.privateRun(TestRunner.java:794)
at org.testng.TestRunner.run(TestRunner.java:596)
at org.testng.SuiteRunner.runTest(SuiteRunner.java:377)
at org.testng.SuiteRunner.runSequentially(SuiteRunner.java:371)
at org.testng.SuiteRunner.privateRun(SuiteRunner.java:332)
at org.testng.SuiteRunner.run(SuiteRunner.java:276)
at org.testng.SuiteRunnerWorker.runSuite(SuiteRunnerWorker.java:53)
at org.testng.SuiteRunnerWorker.run(SuiteRunnerWorker.java:96)
at org.testng.TestNG.runSuitesSequentially(TestNG.java:1212)
at org.testng.TestNG.runSuitesLocally(TestNG.java:1134)
at org.testng.TestNG.runSuites(TestNG.java:1063)
at org.testng.TestNG.run(TestNG.java:1031)
at org.testng.remote.AbstractRemoteTestNG.run(AbstractRemoteTestNG.java:115)
at org.testng.remote.RemoteTestNG.initAndRun(RemoteTestNG.java:293)
at org.testng.remote.RemoteTestNG.main(RemoteTestNG.java:91)
]]>
            </full-stacktrace>
          </exception> <!-- java.lang.AssertionError -->
          <reporter-output>
          </reporter-output>
        </test-method> <!-- testDesagendarVisita -->
        <test-method is-config="true" signature="close()[pri:0, instance:tests.Test_DesagendarVisita@533bda92]" started-at="2025-01-23T16:18:37 ART" name="close" finished-at="2025-01-23T16:18:39 ART" duration-ms="2235" status="PASS">
          <reporter-output>
          </reporter-output>
        </test-method> <!-- close -->
      </class> <!-- tests.Test_DesagendarVisita -->
    </test> <!-- Desagendar Visita -->
  </suite> <!-- SuiteAgenda -->
</testng-results>
